80-测试数据库连接cpp.obj : error LNK2019: 无法解析的外部符号 _mysql_init@4，函数 "void __cdecl mysqltest(void)" (?mysqltest@@YAXXZ) 中引用了该符号
81-MySQL计数器.obj : error LNK2001: 无法解析的外部符号 _mysql_init@4
82-MySQL学生管理.obj : error LNK2001: 无法解析的外部符号 _mysql_init@4
8T-MySQL订单管理系统.obj : error LNK2001: 无法解析的外部符号 _mysql_init@4
80-测试数据库连接cpp.obj : error LNK2019: 无法解析的外部符号 _mysql_real_connect@32，函数 "void __cdecl mysqltest(void)" (?mysqltest@@YAXXZ) 中引用了该符号
81-MySQL计数器.obj : error LNK2001: 无法解析的外部符号 _mysql_real_connect@32
82-MySQL学生管理.obj : error LNK2001: 无法解析的外部符号 _mysql_real_connect@32
8T-MySQL订单管理系统.obj : error LNK2001: 无法解析的外部符号 _mysql_real_connect@32
80-测试数据库连接cpp.obj : error LNK2019: 无法解析的外部符号 _mysql_close@4，函数 "void __cdecl mysqltest(void)" (?mysqltest@@YAXXZ) 中引用了该符号
81-MySQL计数器.obj : error LNK2001: 无法解析的外部符号 _mysql_close@4
82-MySQL学生管理.obj : error LNK2001: 无法解析的外部符号 _mysql_close@4
8T-MySQL订单管理系统.obj : error LNK2001: 无法解析的外部符号 _mysql_close@4
81-MySQL计数器.obj : error LNK2019: 无法解析的外部符号 _mysql_query@8，函数 "void __cdecl MySQL_counter(void)" (?MySQL_counter@@YAXXZ) 中引用了该符号
82-MySQL学生管理.obj : error LNK2001: 无法解析的外部符号 _mysql_query@8
8T-MySQL订单管理系统.obj : error LNK2001: 无法解析的外部符号 _mysql_query@8
81-MySQL计数器.obj : error LNK2019: 无法解析的外部符号 _mysql_store_result@4，函数 "void __cdecl MySQL_counter(void)" (?MySQL_counter@@YAXXZ) 中引用了该符号
82-MySQL学生管理.obj : error LNK2001: 无法解析的外部符号 _mysql_store_result@4
8T-MySQL订单管理系统.obj : error LNK2001: 无法解析的外部符号 _mysql_store_result@4
81-MySQL计数器.obj : error LNK2019: 无法解析的外部符号 _mysql_free_result@4，函数 "void __cdecl MySQL_counter(void)" (?MySQL_counter@@YAXXZ) 中引用了该符号
82-MySQL学生管理.obj : error LNK2001: 无法解析的外部符号 _mysql_free_result@4
8T-MySQL订单管理系统.obj : error LNK2001: 无法解析的外部符号 _mysql_free_result@4
81-MySQL计数器.obj : error LNK2019: 无法解析的外部符号 _mysql_fetch_row@4，函数 "void __cdecl MySQL_counter(void)" (?MySQL_counter@@YAXXZ) 中引用了该符号
82-MySQL学生管理.obj : error LNK2001: 无法解析的外部符号 _mysql_fetch_row@4
8T-MySQL订单管理系统.obj : error LNK2001: 无法解析的外部符号 _mysql_fetch_row@4
82-MySQL学生管理.obj : error LNK2019: 无法解析的外部符号 _mysql_num_rows@4，函数 "bool __cdecl ExistsStudenta(char *)" (?ExistsStudenta@@YA_NPAD@Z) 中引用了该符号
8T-MySQL订单管理系统.obj : error LNK2001: 无法解析的外部符号 _mysql_num_rows@4
82-MySQL学生管理.obj : error LNK2019: 无法解析的外部符号 _mysql_options@12，函数 "void __cdecl MYstudent(void)" (?MYstudent@@YAXXZ) 中引用了该符号
8T-MySQL订单管理系统.obj : error LNK2019: 无法解析的外部符号 _mysql_error@4，函数 "void __cdecl dele(void)" (?dele@@YAXXZ) 中引用了该符号
8T-MySQL订单管理系统.obj : error LNK2019: 无法解析的外部符号 _mysql_set_character_set@8，函数 "void __cdecl order8(void)" (?order8@@YAXXZ) 中引用了该符号
C:\Program Files\MySQL\MySQL Server 8.0\lib\libmysql.lib : warning LNK4272: 库计算机类型“x64”与目标计算机类型“x86”冲突
C:\Users\惠普\Desktop\新建文件夹\Projects\Debug\Projects.exe : fatal error LNK1120: 11 个无法解析的外部命令
